2025-03-14 10:42:19.957 [info] Extension host with pid 2775 started
2025-03-14 10:42:19.957 [info] Skipping acquiring lock for /home/joshh/bpf/Network-Traffic-Control-Kernel/sprint3/User/workspaceStorage/087984adf52b4b546d7f84b0593bce12.
2025-03-14 10:42:20.119 [info] ExtensionService#_doActivateExtension vscode.github-authentication, startup: false, activationEvent: 'onAuthenticationRequest:github'
2025-03-14 10:42:20.283 [info] ExtensionService#_doActivateExtension vscode.git-base, startup: true, activationEvent: '*'
2025-03-14 10:42:20.344 [info] ExtensionService#_doActivateExtension vscode.github, startup: true, activationEvent: '*'
2025-03-14 10:42:20.668 [info] Eager extensions activated
2025-03-14 10:42:21.054 [info] ExtensionService#_doActivateExtension vscode.debug-auto-launch, startup: false, activationEvent: 'onStartupFinished'
2025-03-14 10:42:21.077 [info] ExtensionService#_doActivateExtension vscode.merge-conflict, startup: false, activationEvent: 'onStartupFinished'
2025-03-14 10:42:24.443 [info] ExtensionService#_doActivateExtension vscode.git, startup: false, activationEvent: 'api', root cause: vscode.github
2025-03-14 10:42:44.130 [info] ExtensionService#_doActivateExtension vscode.emmet, startup: false, activationEvent: 'onLanguage'
2025-03-14 10:43:24.053 [info] ExtensionService#_doActivateExtension vscode.npm, startup: false, activationEvent: 'onTerminalQuickFixRequest:ms-vscode.npm-command'
2025-03-14 10:46:13.535 [warning] [Decorations] CAPPING events from decorations provider vscode.git 9218
2025-03-14 10:46:17.439 [warning] [Decorations] CAPPING events from decorations provider vscode.git 9218
2025-03-14 10:46:22.437 [warning] [Decorations] CAPPING events from decorations provider vscode.git 9219
2025-03-14 10:46:27.898 [warning] [Decorations] CAPPING events from decorations provider vscode.git 9219
2025-03-14 10:46:30.838 [info] ExtensionService#_doActivateExtension vscode.media-preview, startup: false, activationEvent: 'onCustomEditor:imagePreview.previewEditor'
2025-03-14 10:46:33.338 [warning] [Decorations] CAPPING events from decorations provider vscode.git 9237
2025-03-14 10:46:38.090 [warning] [Decorations] CAPPING events from decorations provider vscode.git 9237
2025-03-14 10:46:39.559 [warning] [Decorations] CAPPING events from decorations provider vscode.git 9237
2025-03-14 10:46:41.963 [warning] [Decorations] CAPPING events from decorations provider vscode.git 9237
2025-03-14 10:46:44.461 [warning] [Decorations] CAPPING events from decorations provider vscode.git 9237
2025-03-14 10:46:45.497 [warning] [Decorations] CAPPING events from decorations provider vscode.git 9237
2025-03-14 10:46:47.846 [warning] [Decorations] CAPPING events from decorations provider vscode.git 9237
2025-03-14 10:46:50.708 [warning] [Decorations] CAPPING events from decorations provider vscode.git 9237
2025-03-14 10:46:56.002 [warning] [Decorations] CAPPING events from decorations provider vscode.git 9237
2025-03-14 10:46:57.874 [warning] [Decorations] CAPPING events from decorations provider vscode.git 9237
2025-03-14 10:47:01.566 [warning] [Decorations] CAPPING events from decorations provider vscode.git 9237
2025-03-14 10:47:05.091 [warning] [Decorations] CAPPING events from decorations provider vscode.git 9237
2025-03-14 10:47:06.348 [warning] [Decorations] CAPPING events from decorations provider vscode.git 9237
2025-03-14 10:47:08.276 [warning] [Decorations] CAPPING events from decorations provider vscode.git 9237
2025-03-14 10:47:11.975 [warning] [Decorations] CAPPING events from decorations provider vscode.git 9237
2025-03-14 10:47:14.417 [warning] [Decorations] CAPPING events from decorations provider vscode.git 9237
2025-03-14 10:47:16.786 [warning] [Decorations] CAPPING events from decorations provider vscode.git 9237
2025-03-14 10:47:22.075 [warning] [Decorations] CAPPING events from decorations provider vscode.git 9237
2025-03-14 10:47:27.300 [warning] [Decorations] CAPPING events from decorations provider vscode.git 9237
2025-03-14 10:47:32.501 [warning] [Decorations] CAPPING events from decorations provider vscode.git 9237
2025-03-14 10:47:37.729 [warning] [Decorations] CAPPING events from decorations provider vscode.git 9237
2025-03-14 10:47:42.983 [warning] [Decorations] CAPPING events from decorations provider vscode.git 9237
2025-03-14 10:47:48.396 [warning] [Decorations] CAPPING events from decorations provider vscode.git 9237
2025-03-14 10:47:53.686 [warning] [Decorations] CAPPING events from decorations provider vscode.git 9239
2025-03-14 10:47:58.905 [warning] [Decorations] CAPPING events from decorations provider vscode.git 9239
2025-03-14 10:48:04.209 [warning] [Decorations] CAPPING events from decorations provider vscode.git 9239
2025-03-14 10:48:09.437 [warning] [Decorations] CAPPING events from decorations provider vscode.git 9239
2025-03-14 10:48:14.686 [warning] [Decorations] CAPPING events from decorations provider vscode.git 9239
2025-03-14 10:48:20.002 [warning] [Decorations] CAPPING events from decorations provider vscode.git 9239
2025-03-14 10:48:25.234 [warning] [Decorations] CAPPING events from decorations provider vscode.git 9239
2025-03-14 10:48:30.480 [warning] [Decorations] CAPPING events from decorations provider vscode.git 9239
2025-03-14 10:48:35.695 [warning] [Decorations] CAPPING events from decorations provider vscode.git 9239
2025-03-14 10:48:40.938 [warning] [Decorations] CAPPING events from decorations provider vscode.git 9239
2025-03-14 10:48:46.118 [warning] [Decorations] CAPPING events from decorations provider vscode.git 9239
2025-03-14 10:48:51.361 [warning] [Decorations] CAPPING events from decorations provider vscode.git 9239
2025-03-14 10:48:56.587 [warning] [Decorations] CAPPING events from decorations provider vscode.git 9239
2025-03-14 10:49:01.792 [warning] [Decorations] CAPPING events from decorations provider vscode.git 9239
2025-03-14 10:49:07.110 [warning] [Decorations] CAPPING events from decorations provider vscode.git 9239
2025-03-14 10:49:12.327 [warning] [Decorations] CAPPING events from decorations provider vscode.git 9239
2025-03-14 10:49:17.544 [warning] [Decorations] CAPPING events from decorations provider vscode.git 9239
2025-03-14 10:49:22.779 [warning] [Decorations] CAPPING events from decorations provider vscode.git 9239
2025-03-14 10:49:28.016 [warning] [Decorations] CAPPING events from decorations provider vscode.git 9239
2025-03-14 10:49:33.292 [warning] [Decorations] CAPPING events from decorations provider vscode.git 9239
2025-03-14 10:49:38.486 [warning] [Decorations] CAPPING events from decorations provider vscode.git 9239
2025-03-14 10:49:43.689 [warning] [Decorations] CAPPING events from decorations provider vscode.git 9239
2025-03-14 10:49:48.941 [warning] [Decorations] CAPPING events from decorations provider vscode.git 9239
2025-03-14 10:49:54.193 [warning] [Decorations] CAPPING events from decorations provider vscode.git 9239
2025-03-14 10:49:59.438 [warning] [Decorations] CAPPING events from decorations provider vscode.git 9239
2025-03-14 10:50:04.714 [warning] [Decorations] CAPPING events from decorations provider vscode.git 9239
2025-03-14 10:50:10.028 [warning] [Decorations] CAPPING events from decorations provider vscode.git 9239
2025-03-14 10:50:15.322 [warning] [Decorations] CAPPING events from decorations provider vscode.git 9239
2025-03-14 10:50:20.539 [warning] [Decorations] CAPPING events from decorations provider vscode.git 9239
2025-03-14 10:50:25.898 [warning] [Decorations] CAPPING events from decorations provider vscode.git 9239
2025-03-14 10:50:31.279 [warning] [Decorations] CAPPING events from decorations provider vscode.git 9239
2025-03-14 10:50:36.992 [warning] [Decorations] CAPPING events from decorations provider vscode.git 9239
2025-03-14 10:50:42.233 [warning] [Decorations] CAPPING events from decorations provider vscode.git 9239
2025-03-14 10:50:47.400 [warning] [Decorations] CAPPING events from decorations provider vscode.git 9240
2025-03-14 10:50:52.869 [warning] [Decorations] CAPPING events from decorations provider vscode.git 9241
2025-03-14 10:50:58.069 [warning] [Decorations] CAPPING events from decorations provider vscode.git 9241
2025-03-14 10:51:03.247 [warning] [Decorations] CAPPING events from decorations provider vscode.git 9241
2025-03-14 10:51:08.411 [warning] [Decorations] CAPPING events from decorations provider vscode.git 9241
2025-03-14 10:51:13.702 [warning] [Decorations] CAPPING events from decorations provider vscode.git 9241
2025-03-14 10:51:18.854 [warning] [Decorations] CAPPING events from decorations provider vscode.git 9241
2025-03-14 10:51:24.020 [warning] [Decorations] CAPPING events from decorations provider vscode.git 9241
2025-03-14 10:51:29.172 [warning] [Decorations] CAPPING events from decorations provider vscode.git 9241
2025-03-14 10:51:34.444 [warning] [Decorations] CAPPING events from decorations provider vscode.git 9241
2025-03-14 10:51:39.604 [warning] [Decorations] CAPPING events from decorations provider vscode.git 9241
2025-03-14 10:51:44.791 [warning] [Decorations] CAPPING events from decorations provider vscode.git 9241
2025-03-14 10:51:50.025 [warning] [Decorations] CAPPING events from decorations provider vscode.git 9241
2025-03-14 10:51:55.191 [warning] [Decorations] CAPPING events from decorations provider vscode.git 9241
2025-03-14 10:52:00.336 [warning] [Decorations] CAPPING events from decorations provider vscode.git 9241
2025-03-14 10:52:05.630 [warning] [Decorations] CAPPING events from decorations provider vscode.git 9241
2025-03-14 10:52:10.791 [warning] [Decorations] CAPPING events from decorations provider vscode.git 9241
2025-03-14 10:52:15.939 [warning] [Decorations] CAPPING events from decorations provider vscode.git 9241
2025-03-14 10:52:21.300 [warning] [Decorations] CAPPING events from decorations provider vscode.git 9241
2025-03-14 10:52:26.450 [warning] [Decorations] CAPPING events from decorations provider vscode.git 9241
2025-03-14 10:52:31.591 [warning] [Decorations] CAPPING events from decorations provider vscode.git 9241
2025-03-14 10:52:36.789 [warning] [Decorations] CAPPING events from decorations provider vscode.git 9241
2025-03-14 10:52:42.074 [warning] [Decorations] CAPPING events from decorations provider vscode.git 9241
2025-03-14 10:52:47.211 [warning] [Decorations] CAPPING events from decorations provider vscode.git 9241
2025-03-14 10:52:52.354 [warning] [Decorations] CAPPING events from decorations provider vscode.git 9241
2025-03-14 10:52:57.759 [warning] [Decorations] CAPPING events from decorations provider vscode.git 9241
2025-03-14 10:53:03.180 [warning] [Decorations] CAPPING events from decorations provider vscode.git 9241
2025-03-14 10:53:08.489 [warning] [Decorations] CAPPING events from decorations provider vscode.git 9241
2025-03-14 10:53:13.227 [warning] [Decorations] CAPPING events from decorations provider vscode.git 9241
2025-03-14 10:53:14.632 [warning] [Decorations] CAPPING events from decorations provider vscode.git 9241
2025-03-14 10:53:19.848 [warning] [Decorations] CAPPING events from decorations provider vscode.git 9241
2025-03-14 10:53:22.495 [warning] [Decorations] CAPPING events from decorations provider vscode.git 9241
2025-03-14 10:53:25.256 [warning] [Decorations] CAPPING events from decorations provider vscode.git 9241
2025-03-14 10:53:30.598 [warning] [Decorations] CAPPING events from decorations provider vscode.git 9241
2025-03-14 10:53:35.953 [warning] [Decorations] CAPPING events from decorations provider vscode.git 9241
2025-03-14 10:53:41.289 [warning] [Decorations] CAPPING events from decorations provider vscode.git 9241
2025-03-14 10:53:46.743 [warning] [Decorations] CAPPING events from decorations provider vscode.git 9241
2025-03-14 10:53:49.179 [warning] [Decorations] CAPPING events from decorations provider vscode.git 9241
2025-03-14 10:53:54.976 [warning] [Decorations] CAPPING events from decorations provider vscode.git 9241
2025-03-14 10:54:00.259 [warning] [Decorations] CAPPING events from decorations provider vscode.git 9241
2025-03-14 10:54:05.586 [warning] [Decorations] CAPPING events from decorations provider vscode.git 9241
2025-03-14 10:54:10.806 [warning] [Decorations] CAPPING events from decorations provider vscode.git 9241
2025-03-14 10:54:16.072 [warning] [Decorations] CAPPING events from decorations provider vscode.git 9241
2025-03-14 10:54:20.420 [warning] [Decorations] CAPPING events from decorations provider vscode.git 9241
2025-03-14 10:54:22.022 [warning] [Decorations] CAPPING events from decorations provider vscode.git 9241
2025-03-14 10:54:27.539 [warning] [Decorations] CAPPING events from decorations provider vscode.git 9242
2025-03-14 10:54:32.958 [warning] [Decorations] CAPPING events from decorations provider vscode.git 9242
2025-03-14 10:54:38.411 [warning] [Decorations] CAPPING events from decorations provider vscode.git 9242
2025-03-14 10:54:43.730 [warning] [Decorations] CAPPING events from decorations provider vscode.git 9242
2025-03-14 10:54:49.028 [warning] [Decorations] CAPPING events from decorations provider vscode.git 9242
2025-03-14 10:54:54.496 [warning] [Decorations] CAPPING events from decorations provider vscode.git 9242
2025-03-14 10:54:59.924 [warning] [Decorations] CAPPING events from decorations provider vscode.git 9242
2025-03-14 10:55:05.382 [warning] [Decorations] CAPPING events from decorations provider vscode.git 9242
2025-03-14 10:55:09.878 [warning] [Decorations] CAPPING events from decorations provider vscode.git 9242
2025-03-14 10:55:11.649 [warning] [Decorations] CAPPING events from decorations provider vscode.git 9242
2025-03-14 10:55:16.977 [warning] [Decorations] CAPPING events from decorations provider vscode.git 9242
2025-03-14 10:55:22.229 [warning] [Decorations] CAPPING events from decorations provider vscode.git 9242
2025-03-14 10:55:25.842 [warning] [Decorations] CAPPING events from decorations provider vscode.git 9242
2025-03-14 10:55:28.006 [warning] [Decorations] CAPPING events from decorations provider vscode.git 9231
2025-03-14 10:55:30.846 [warning] [Decorations] CAPPING events from decorations provider vscode.git 9231
2025-03-14 10:55:36.227 [warning] [Decorations] CAPPING events from decorations provider vscode.git 9231
2025-03-14 10:55:41.504 [warning] [Decorations] CAPPING events from decorations provider vscode.git 9231
2025-03-14 10:55:46.951 [warning] [Decorations] CAPPING events from decorations provider vscode.git 9232
2025-03-14 10:55:52.256 [warning] [Decorations] CAPPING events from decorations provider vscode.git 9232
2025-03-14 10:55:59.208 [warning] [Decorations] CAPPING events from decorations provider vscode.git 9232
2025-03-14 10:56:04.671 [warning] [Decorations] CAPPING events from decorations provider vscode.git 9232
2025-03-14 10:56:10.021 [warning] [Decorations] CAPPING events from decorations provider vscode.git 9232
2025-03-14 10:56:15.389 [warning] [Decorations] CAPPING events from decorations provider vscode.git 9232
2025-03-14 10:56:20.801 [warning] [Decorations] CAPPING events from decorations provider vscode.git 9232
2025-03-14 10:56:26.249 [warning] [Decorations] CAPPING events from decorations provider vscode.git 9232
2025-03-14 10:56:31.605 [warning] [Decorations] CAPPING events from decorations provider vscode.git 9232
2025-03-14 10:56:36.980 [warning] [Decorations] CAPPING events from decorations provider vscode.git 9232
2025-03-14 10:56:42.438 [warning] [Decorations] CAPPING events from decorations provider vscode.git 9232
2025-03-14 10:56:47.760 [warning] [Decorations] CAPPING events from decorations provider vscode.git 9232
2025-03-14 10:56:53.151 [warning] [Decorations] CAPPING events from decorations provider vscode.git 9232
2025-03-14 10:56:58.556 [warning] [Decorations] CAPPING events from decorations provider vscode.git 9232
2025-03-14 10:57:03.919 [warning] [Decorations] CAPPING events from decorations provider vscode.git 9232
2025-03-14 10:57:09.260 [warning] [Decorations] CAPPING events from decorations provider vscode.git 9232
2025-03-14 10:57:14.544 [warning] [Decorations] CAPPING events from decorations provider vscode.git 9232
2025-03-14 10:57:19.856 [warning] [Decorations] CAPPING events from decorations provider vscode.git 9232
2025-03-14 10:57:27.417 [warning] [Decorations] CAPPING events from decorations provider vscode.git 9232
2025-03-14 10:57:32.884 [warning] [Decorations] CAPPING events from decorations provider vscode.git 9232
2025-03-14 10:57:38.360 [warning] [Decorations] CAPPING events from decorations provider vscode.git 9232
2025-03-14 10:58:34.096 [warning] [Decorations] CAPPING events from decorations provider vscode.git 9232
2025-03-14 11:01:13.860 [warning] [Decorations] CAPPING events from decorations provider vscode.git 9232
2025-03-14 11:01:19.579 [warning] [Decorations] CAPPING events from decorations provider vscode.git 9232
2025-03-14 11:01:23.521 [info] ExtensionService#_doActivateExtension vscode.extension-editing, startup: false, activationEvent: 'onLanguage:markdown'
2025-03-14 11:01:23.592 [info] ExtensionService#_doActivateExtension vscode.markdown-language-features, startup: false, activationEvent: 'onLanguage:markdown'
2025-03-14 11:01:25.441 [warning] [Decorations] CAPPING events from decorations provider vscode.git 9232
2025-03-14 11:01:27.711 [info] ExtensionService#_doActivateExtension vscode.markdown-math, startup: false, activationEvent: 'api', root cause: vscode.markdown-language-features
2025-03-14 11:01:31.035 [warning] [Decorations] CAPPING events from decorations provider vscode.git 9232
2025-03-14 11:01:36.301 [warning] [Decorations] CAPPING events from decorations provider vscode.git 9233
2025-03-14 11:01:42.068 [warning] [Decorations] CAPPING events from decorations provider vscode.git 9233
2025-03-14 11:01:47.422 [warning] [Decorations] CAPPING events from decorations provider vscode.git 9233
2025-03-14 11:01:52.829 [warning] [Decorations] CAPPING events from decorations provider vscode.git 9233
2025-03-14 11:01:58.337 [warning] [Decorations] CAPPING events from decorations provider vscode.git 9233
2025-03-14 11:02:03.757 [warning] [Decorations] CAPPING events from decorations provider vscode.git 9233
2025-03-14 11:02:09.163 [warning] [Decorations] CAPPING events from decorations provider vscode.git 9233
2025-03-14 11:02:14.662 [warning] [Decorations] CAPPING events from decorations provider vscode.git 9233
2025-03-14 11:02:19.856 [warning] [Decorations] CAPPING events from decorations provider vscode.git 9233
2025-03-14 11:02:25.026 [warning] [Decorations] CAPPING events from decorations provider vscode.git 9233
2025-03-14 11:02:30.243 [warning] [Decorations] CAPPING events from decorations provider vscode.git 9233
2025-03-14 11:02:35.490 [warning] [Decorations] CAPPING events from decorations provider vscode.git 9233
2025-03-14 11:02:40.659 [warning] [Decorations] CAPPING events from decorations provider vscode.git 9233
2025-03-14 11:02:45.848 [warning] [Decorations] CAPPING events from decorations provider vscode.git 9233
2025-03-14 11:02:51.312 [warning] [Decorations] CAPPING events from decorations provider vscode.git 9233
2025-03-14 11:02:56.619 [warning] [Decorations] CAPPING events from decorations provider vscode.git 9235
2025-03-14 11:03:01.899 [warning] [Decorations] CAPPING events from decorations provider vscode.git 9235
2025-03-14 11:03:07.124 [warning] [Decorations] CAPPING events from decorations provider vscode.git 9237
2025-03-14 11:03:12.310 [warning] [Decorations] CAPPING events from decorations provider vscode.git 9236
2025-03-14 11:03:17.713 [warning] [Decorations] CAPPING events from decorations provider vscode.git 9236
2025-03-14 11:03:23.124 [warning] [Decorations] CAPPING events from decorations provider vscode.git 9236
2025-03-14 11:03:28.382 [warning] [Decorations] CAPPING events from decorations provider vscode.git 9237
2025-03-14 11:03:33.650 [warning] [Decorations] CAPPING events from decorations provider vscode.git 9237
2025-03-14 11:03:39.055 [warning] [Decorations] CAPPING events from decorations provider vscode.git 9237
2025-03-14 11:03:44.666 [warning] [Decorations] CAPPING events from decorations provider vscode.git 9237
2025-03-14 11:03:50.207 [warning] [Decorations] CAPPING events from decorations provider vscode.git 9237
2025-03-14 11:03:55.573 [warning] [Decorations] CAPPING events from decorations provider vscode.git 9237
2025-03-14 11:04:01.089 [warning] [Decorations] CAPPING events from decorations provider vscode.git 9237
2025-03-14 11:04:06.382 [warning] [Decorations] CAPPING events from decorations provider vscode.git 9237
2025-03-14 11:04:11.751 [warning] [Decorations] CAPPING events from decorations provider vscode.git 9237
2025-03-14 11:04:17.185 [warning] [Decorations] CAPPING events from decorations provider vscode.git 9237
2025-03-14 11:04:22.669 [warning] [Decorations] CAPPING events from decorations provider vscode.git 9237
2025-03-14 11:04:27.989 [warning] [Decorations] CAPPING events from decorations provider vscode.git 9237
2025-03-14 11:04:33.372 [warning] [Decorations] CAPPING events from decorations provider vscode.git 9237
2025-03-14 11:04:38.555 [warning] [Decorations] CAPPING events from decorations provider vscode.git 9237
2025-03-14 11:04:43.822 [warning] [Decorations] CAPPING events from decorations provider vscode.git 9237
2025-03-14 11:04:49.189 [warning] [Decorations] CAPPING events from decorations provider vscode.git 9238
2025-03-14 11:04:54.354 [warning] [Decorations] CAPPING events from decorations provider vscode.git 9237
2025-03-14 11:04:59.569 [warning] [Decorations] CAPPING events from decorations provider vscode.git 9237
2025-03-14 11:05:04.709 [warning] [Decorations] CAPPING events from decorations provider vscode.git 9237
2025-03-14 11:05:09.875 [warning] [Decorations] CAPPING events from decorations provider vscode.git 9237
2025-03-14 11:05:15.037 [warning] [Decorations] CAPPING events from decorations provider vscode.git 9237
2025-03-14 11:05:20.200 [warning] [Decorations] CAPPING events from decorations provider vscode.git 9237
2025-03-14 11:05:25.599 [warning] [Decorations] CAPPING events from decorations provider vscode.git 9237
