2025-03-14 10:42:20.328 [info] Reading sessions from keychain...
2025-03-14 10:42:20.328 [info] Getting sessions for all scopes...
2025-03-14 10:42:20.328 [info] Getting sessions for all scopes...
2025-03-14 10:42:20.328 [info] Getting sessions for all scopes...
2025-03-14 10:42:20.328 [info] Getting sessions for all scopes...
2025-03-14 10:42:20.328 [info] Getting sessions for all scopes...
2025-03-14 10:42:20.328 [info] Getting sessions for all scopes...
2025-03-14 10:42:20.328 [info] Getting sessions for all scopes...
2025-03-14 10:42:20.328 [info] Got 0 sessions for ...
2025-03-14 10:42:20.328 [info] Got 0 sessions for ...
2025-03-14 10:42:20.328 [info] Got 0 sessions for ...
2025-03-14 10:42:20.328 [info] Got 0 sessions for ...
2025-03-14 10:42:20.328 [info] Got 0 sessions for ...
2025-03-14 10:42:20.328 [info] Got 0 sessions for ...
2025-03-14 10:42:20.328 [info] Got 0 sessions for ...
2025-03-14 10:42:20.328 [info] Getting sessions for all scopes...
2025-03-14 10:42:20.328 [info] Got 0 sessions for ...
2025-03-14 10:42:23.316 [info] Getting sessions for all scopes...
2025-03-14 10:42:23.316 [info] Got 0 sessions for ...
2025-03-14 10:55:55.860 [info] Getting sessions for read:user,repo,user:email,workflow...
2025-03-14 10:55:55.860 [info] Got 0 sessions for read:user,repo,user:email,workflow...
2025-03-14 10:55:58.375 [info] Logging in with 'any' account...
2025-03-14 10:55:58.375 [info] Logging in for the following scopes: read:user repo user:email workflow
2025-03-14 10:55:58.592 [info] Trying without local server... (read:user repo user:email workflow)
2025-03-14 10:57:02.056 [error] User Cancelled
2025-03-14 10:57:24.590 [info] Getting sessions for read:user,repo,user:email,workflow...
2025-03-14 10:57:24.591 [info] Got 0 sessions for read:user,repo,user:email,workflow...
2025-03-14 10:57:26.889 [info] Logging in with 'any' account...
2025-03-14 10:57:26.889 [info] Logging in for the following scopes: read:user repo user:email workflow
2025-03-14 10:57:27.020 [info] Trying without local server... (read:user repo user:email workflow)
2025-03-14 10:58:11.339 [error] User Cancelled
