2025-03-17 15:24:33.555 [info] Extension host with pid 3288 started
2025-03-17 15:24:33.556 [info] Skipping acquiring lock for /home/joshh/bpf/Network-Traffic-Control-Kernel/sprint3/User/workspaceStorage/087984adf52b4b546d7f84b0593bce12.
2025-03-17 15:24:34.719 [info] ExtensionService#_doActivateExtension vscode.github-authentication, startup: false, activationEvent: 'onAuthenticationRequest:github'
2025-03-17 15:24:34.866 [info] ExtensionService#_doActivateExtension vscode.emmet, startup: false, activationEvent: 'onLanguage'
2025-03-17 15:24:34.896 [info] ExtensionService#_doActivateExtension vscode.extension-editing, startup: false, activationEvent: 'onLanguage:markdown'
2025-03-17 15:24:34.920 [info] ExtensionService#_doActivateExtension vscode.markdown-language-features, startup: false, activationEvent: 'onLanguage:markdown'
2025-03-17 15:24:35.393 [info] ExtensionService#_doActivateExtension vscode.git-base, startup: true, activationEvent: '*', root cause: vscode.git
2025-03-17 15:24:36.401 [info] ExtensionService#_doActivateExtension vscode.git, startup: true, activationEvent: '*'
2025-03-17 15:24:36.703 [info] ExtensionService#_doActivateExtension vscode.github, startup: true, activationEvent: '*'
2025-03-17 15:24:37.618 [info] ExtensionService#_doActivateExtension vscode.markdown-math, startup: false, activationEvent: 'api', root cause: vscode.markdown-language-features
2025-03-17 15:24:37.795 [info] Eager extensions activated
2025-03-17 15:24:37.958 [info] ExtensionService#_doActivateExtension vscode.debug-auto-launch, startup: false, activationEvent: 'onStartupFinished'
2025-03-17 15:24:37.976 [info] ExtensionService#_doActivateExtension vscode.merge-conflict, startup: false, activationEvent: 'onStartupFinished'
2025-03-17 15:24:40.264 [warning] [Decorations] CAPPING events from decorations provider vscode.git 9258
2025-03-17 15:24:45.423 [warning] [Decorations] CAPPING events from decorations provider vscode.git 9260
2025-03-17 15:24:47.654 [warning] [Decorations] CAPPING events from decorations provider vscode.git 9260
2025-03-17 15:24:52.787 [warning] [Decorations] CAPPING events from decorations provider vscode.git 9260
2025-03-17 15:24:57.927 [warning] [Decorations] CAPPING events from decorations provider vscode.git 9260
2025-03-17 15:25:03.053 [warning] [Decorations] CAPPING events from decorations provider vscode.git 9260
2025-03-17 15:25:08.206 [warning] [Decorations] CAPPING events from decorations provider vscode.git 9260
2025-03-17 15:25:09.223 [info] ExtensionService#_doActivateExtension vscode.media-preview, startup: false, activationEvent: 'onCustomEditor:imagePreview.previewEditor'
2025-03-17 15:25:13.399 [warning] [Decorations] CAPPING events from decorations provider vscode.git 9262
2025-03-17 15:25:18.563 [warning] [Decorations] CAPPING events from decorations provider vscode.git 9262
2025-03-17 15:25:23.686 [warning] [Decorations] CAPPING events from decorations provider vscode.git 9262
2025-03-17 15:25:28.972 [warning] [Decorations] CAPPING events from decorations provider vscode.git 9263
2025-03-17 15:25:34.216 [warning] [Decorations] CAPPING events from decorations provider vscode.git 9263
2025-03-17 15:25:39.378 [warning] [Decorations] CAPPING events from decorations provider vscode.git 9263
2025-03-17 15:25:41.576 [info] ExtensionService#_doActivateExtension vscode.npm, startup: false, activationEvent: 'onTerminalQuickFixRequest:ms-vscode.npm-command'
2025-03-17 15:25:44.577 [warning] [Decorations] CAPPING events from decorations provider vscode.git 9263
2025-03-17 15:25:49.688 [warning] [Decorations] CAPPING events from decorations provider vscode.git 9263
2025-03-17 15:25:54.817 [warning] [Decorations] CAPPING events from decorations provider vscode.git 9263
2025-03-17 15:25:59.951 [warning] [Decorations] CAPPING events from decorations provider vscode.git 9263
2025-03-17 15:26:05.177 [warning] [Decorations] CAPPING events from decorations provider vscode.git 9263
2025-03-17 15:26:10.325 [warning] [Decorations] CAPPING events from decorations provider vscode.git 9263
2025-03-17 15:26:15.429 [warning] [Decorations] CAPPING events from decorations provider vscode.git 9263
2025-03-17 15:26:20.604 [warning] [Decorations] CAPPING events from decorations provider vscode.git 9263
2025-03-17 15:26:25.934 [warning] [Decorations] CAPPING events from decorations provider vscode.git 9263
2025-03-17 15:26:31.042 [warning] [Decorations] CAPPING events from decorations provider vscode.git 9263
2025-03-17 15:26:36.167 [warning] [Decorations] CAPPING events from decorations provider vscode.git 9263
2025-03-17 15:26:41.282 [warning] [Decorations] CAPPING events from decorations provider vscode.git 9263
2025-03-17 15:26:47.935 [warning] [Decorations] CAPPING events from decorations provider vscode.git 9263
2025-03-17 15:26:53.156 [warning] [Decorations] CAPPING events from decorations provider vscode.git 9263
2025-03-17 15:26:58.358 [warning] [Decorations] CAPPING events from decorations provider vscode.git 9263
2025-03-17 15:27:03.588 [warning] [Decorations] CAPPING events from decorations provider vscode.git 9263
2025-03-17 15:27:08.722 [warning] [Decorations] CAPPING events from decorations provider vscode.git 9263
2025-03-17 15:27:14.095 [warning] [Decorations] CAPPING events from decorations provider vscode.git 9266
2025-03-17 15:27:19.299 [warning] [Decorations] CAPPING events from decorations provider vscode.git 9268
2025-03-17 15:27:24.671 [warning] [Decorations] CAPPING events from decorations provider vscode.git 9268
2025-03-17 15:27:29.812 [warning] [Decorations] CAPPING events from decorations provider vscode.git 9268
2025-03-17 15:27:34.926 [warning] [Decorations] CAPPING events from decorations provider vscode.git 9268
2025-03-17 15:27:40.104 [warning] [Decorations] CAPPING events from decorations provider vscode.git 9268
2025-03-17 15:27:45.346 [warning] [Decorations] CAPPING events from decorations provider vscode.git 9268
2025-03-17 15:27:50.490 [warning] [Decorations] CAPPING events from decorations provider vscode.git 9268
2025-03-17 15:27:55.658 [warning] [Decorations] CAPPING events from decorations provider vscode.git 9268
2025-03-17 15:28:00.907 [warning] [Decorations] CAPPING events from decorations provider vscode.git 9268
2025-03-17 15:28:06.075 [warning] [Decorations] CAPPING events from decorations provider vscode.git 9270
2025-03-17 15:28:11.270 [warning] [Decorations] CAPPING events from decorations provider vscode.git 9270
2025-03-17 15:28:16.620 [warning] [Decorations] CAPPING events from decorations provider vscode.git 9270
2025-03-17 15:28:21.874 [warning] [Decorations] CAPPING events from decorations provider vscode.git 9270
2025-03-17 15:28:27.011 [warning] [Decorations] CAPPING events from decorations provider vscode.git 9270
2025-03-17 15:28:32.191 [warning] [Decorations] CAPPING events from decorations provider vscode.git 9270
2025-03-17 15:28:37.316 [warning] [Decorations] CAPPING events from decorations provider vscode.git 9270
2025-03-17 15:28:42.520 [warning] [Decorations] CAPPING events from decorations provider vscode.git 9270
2025-03-17 15:28:47.805 [warning] [Decorations] CAPPING events from decorations provider vscode.git 9270
2025-03-17 15:28:52.986 [warning] [Decorations] CAPPING events from decorations provider vscode.git 9271
2025-03-17 15:28:58.165 [warning] [Decorations] CAPPING events from decorations provider vscode.git 9271
2025-03-17 15:29:03.302 [warning] [Decorations] CAPPING events from decorations provider vscode.git 9271
2025-03-17 15:29:08.632 [warning] [Decorations] CAPPING events from decorations provider vscode.git 9271
2025-03-17 15:29:14.283 [warning] [Decorations] CAPPING events from decorations provider vscode.git 9271
2025-03-17 15:29:19.426 [warning] [Decorations] CAPPING events from decorations provider vscode.git 9271
2025-03-17 15:29:24.638 [warning] [Decorations] CAPPING events from decorations provider vscode.git 9271
2025-03-17 15:29:29.766 [warning] [Decorations] CAPPING events from decorations provider vscode.git 9271
2025-03-17 15:29:35.389 [warning] [Decorations] CAPPING events from decorations provider vscode.git 9271
2025-03-17 15:29:40.532 [warning] [Decorations] CAPPING events from decorations provider vscode.git 9271
2025-03-17 15:29:45.991 [warning] [Decorations] CAPPING events from decorations provider vscode.git 9271
2025-03-17 15:29:51.630 [warning] [Decorations] CAPPING events from decorations provider vscode.git 9271
2025-03-17 15:29:57.054 [warning] [Decorations] CAPPING events from decorations provider vscode.git 9271
2025-03-17 15:30:02.221 [warning] [Decorations] CAPPING events from decorations provider vscode.git 9271
2025-03-17 15:30:07.397 [warning] [Decorations] CAPPING events from decorations provider vscode.git 9271
2025-03-17 15:30:12.619 [warning] [Decorations] CAPPING events from decorations provider vscode.git 9271
2025-03-17 15:30:18.056 [warning] [Decorations] CAPPING events from decorations provider vscode.git 9271
2025-03-17 15:30:23.169 [warning] [Decorations] CAPPING events from decorations provider vscode.git 9271
2025-03-17 15:30:28.288 [warning] [Decorations] CAPPING events from decorations provider vscode.git 9271
2025-03-17 15:30:33.613 [warning] [Decorations] CAPPING events from decorations provider vscode.git 9271
2025-03-17 15:30:38.760 [warning] [Decorations] CAPPING events from decorations provider vscode.git 9271
2025-03-17 15:30:43.941 [warning] [Decorations] CAPPING events from decorations provider vscode.git 9271
2025-03-17 15:30:49.083 [warning] [Decorations] CAPPING events from decorations provider vscode.git 9271
2025-03-17 15:30:54.233 [warning] [Decorations] CAPPING events from decorations provider vscode.git 9271
2025-03-17 15:30:59.506 [warning] [Decorations] CAPPING events from decorations provider vscode.git 9271
2025-03-17 15:31:04.663 [warning] [Decorations] CAPPING events from decorations provider vscode.git 9271
2025-03-17 15:31:10.088 [warning] [Decorations] CAPPING events from decorations provider vscode.git 9271
2025-03-17 15:31:15.205 [warning] [Decorations] CAPPING events from decorations provider vscode.git 9271
2025-03-17 15:31:20.364 [warning] [Decorations] CAPPING events from decorations provider vscode.git 9271
2025-03-17 15:31:25.569 [warning] [Decorations] CAPPING events from decorations provider vscode.git 9271
2025-03-17 15:31:30.807 [warning] [Decorations] CAPPING events from decorations provider vscode.git 9271
2025-03-17 15:31:35.942 [warning] [Decorations] CAPPING events from decorations provider vscode.git 9271
2025-03-17 15:31:41.393 [warning] [Decorations] CAPPING events from decorations provider vscode.git 9271
2025-03-17 15:31:46.535 [warning] [Decorations] CAPPING events from decorations provider vscode.git 9271
2025-03-17 15:31:51.960 [warning] [Decorations] CAPPING events from decorations provider vscode.git 9271
2025-03-17 15:31:57.594 [warning] [Decorations] CAPPING events from decorations provider vscode.git 9271
2025-03-17 15:32:02.791 [warning] [Decorations] CAPPING events from decorations provider vscode.git 9271
2025-03-17 15:32:25.554 [warning] [Decorations] CAPPING events from decorations provider vscode.git 9271
2025-03-17 15:32:30.765 [warning] [Decorations] CAPPING events from decorations provider vscode.git 9271
2025-03-17 15:34:44.661 [warning] [Decorations] CAPPING events from decorations provider vscode.git 9271
2025-03-17 15:34:49.826 [warning] [Decorations] CAPPING events from decorations provider vscode.git 9272
2025-03-17 15:34:55.174 [warning] [Decorations] CAPPING events from decorations provider vscode.git 9273
2025-03-17 15:35:00.408 [warning] [Decorations] CAPPING events from decorations provider vscode.git 9273
2025-03-17 15:38:08.202 [warning] [Decorations] CAPPING events from decorations provider vscode.git 9277
2025-03-17 15:38:13.380 [warning] [Decorations] CAPPING events from decorations provider vscode.git 9277
2025-03-17 15:38:18.557 [warning] [Decorations] CAPPING events from decorations provider vscode.git 9278
2025-03-17 15:38:23.675 [warning] [Decorations] CAPPING events from decorations provider vscode.git 9277
2025-03-17 15:38:28.828 [warning] [Decorations] CAPPING events from decorations provider vscode.git 9277
2025-03-17 15:38:33.956 [warning] [Decorations] CAPPING events from decorations provider vscode.git 9277
2025-03-17 15:38:39.250 [warning] [Decorations] CAPPING events from decorations provider vscode.git 9277
2025-03-17 15:38:44.385 [warning] [Decorations] CAPPING events from decorations provider vscode.git 9277
2025-03-17 15:38:49.694 [warning] [Decorations] CAPPING events from decorations provider vscode.git 9277
2025-03-17 15:38:54.866 [warning] [Decorations] CAPPING events from decorations provider vscode.git 9278
2025-03-17 15:38:59.990 [warning] [Decorations] CAPPING events from decorations provider vscode.git 9279
2025-03-17 15:39:05.149 [warning] [Decorations] CAPPING events from decorations provider vscode.git 9278
2025-03-17 15:39:10.283 [warning] [Decorations] CAPPING events from decorations provider vscode.git 9278
2025-03-17 15:39:20.965 [warning] [Decorations] CAPPING events from decorations provider vscode.git 9278
2025-03-17 15:39:26.111 [warning] [Decorations] CAPPING events from decorations provider vscode.git 9278
2025-03-17 15:39:31.305 [warning] [Decorations] CAPPING events from decorations provider vscode.git 9279
2025-03-17 15:39:36.446 [warning] [Decorations] CAPPING events from decorations provider vscode.git 9280
2025-03-17 15:39:41.562 [warning] [Decorations] CAPPING events from decorations provider vscode.git 9279
2025-03-17 15:39:46.778 [warning] [Decorations] CAPPING events from decorations provider vscode.git 9279
2025-03-17 15:39:52.135 [warning] [Decorations] CAPPING events from decorations provider vscode.git 9280
2025-03-17 15:39:57.377 [warning] [Decorations] CAPPING events from decorations provider vscode.git 9281
2025-03-17 15:40:02.611 [warning] [Decorations] CAPPING events from decorations provider vscode.git 9281
2025-03-17 15:40:07.732 [warning] [Decorations] CAPPING events from decorations provider vscode.git 9281
2025-03-17 15:40:12.865 [warning] [Decorations] CAPPING events from decorations provider vscode.git 9281
2025-03-17 15:40:17.992 [warning] [Decorations] CAPPING events from decorations provider vscode.git 9281
2025-03-17 15:40:23.113 [warning] [Decorations] CAPPING events from decorations provider vscode.git 9281
2025-03-17 15:40:28.242 [warning] [Decorations] CAPPING events from decorations provider vscode.git 9281
2025-03-17 15:40:33.379 [warning] [Decorations] CAPPING events from decorations provider vscode.git 9281
2025-03-17 15:40:38.528 [warning] [Decorations] CAPPING events from decorations provider vscode.git 9281
2025-03-17 15:40:43.642 [warning] [Decorations] CAPPING events from decorations provider vscode.git 9281
2025-03-17 15:40:48.997 [warning] [Decorations] CAPPING events from decorations provider vscode.git 9281
2025-03-17 15:40:54.309 [warning] [Decorations] CAPPING events from decorations provider vscode.git 9281
2025-03-17 15:40:59.556 [warning] [Decorations] CAPPING events from decorations provider vscode.git 9281
2025-03-17 15:41:04.857 [warning] [Decorations] CAPPING events from decorations provider vscode.git 9281
2025-03-17 15:41:10.265 [warning] [Decorations] CAPPING events from decorations provider vscode.git 9281
2025-03-17 15:41:15.509 [warning] [Decorations] CAPPING events from decorations provider vscode.git 9281
2025-03-17 15:41:20.848 [warning] [Decorations] CAPPING events from decorations provider vscode.git 9281
2025-03-17 15:41:26.146 [warning] [Decorations] CAPPING events from decorations provider vscode.git 9281
2025-03-17 15:41:31.473 [warning] [Decorations] CAPPING events from decorations provider vscode.git 9281
2025-03-17 15:41:36.784 [warning] [Decorations] CAPPING events from decorations provider vscode.git 9281
2025-03-17 15:41:42.117 [warning] [Decorations] CAPPING events from decorations provider vscode.git 9281
2025-03-17 15:41:47.429 [warning] [Decorations] CAPPING events from decorations provider vscode.git 9281
2025-03-17 15:41:52.753 [warning] [Decorations] CAPPING events from decorations provider vscode.git 9281
2025-03-17 15:41:58.018 [warning] [Decorations] CAPPING events from decorations provider vscode.git 9281
2025-03-17 15:42:03.277 [warning] [Decorations] CAPPING events from decorations provider vscode.git 9281
2025-03-17 15:42:08.557 [warning] [Decorations] CAPPING events from decorations provider vscode.git 9281
2025-03-17 15:42:13.798 [warning] [Decorations] CAPPING events from decorations provider vscode.git 9281
2025-03-17 15:42:19.050 [warning] [Decorations] CAPPING events from decorations provider vscode.git 9281
2025-03-17 15:42:24.294 [warning] [Decorations] CAPPING events from decorations provider vscode.git 9281
2025-03-17 15:42:29.634 [warning] [Decorations] CAPPING events from decorations provider vscode.git 9281
2025-03-17 15:42:34.915 [warning] [Decorations] CAPPING events from decorations provider vscode.git 9281
2025-03-17 15:42:40.205 [warning] [Decorations] CAPPING events from decorations provider vscode.git 9281
2025-03-17 15:42:45.548 [warning] [Decorations] CAPPING events from decorations provider vscode.git 9281
2025-03-17 15:42:50.845 [warning] [Decorations] CAPPING events from decorations provider vscode.git 9281
2025-03-17 15:42:56.170 [warning] [Decorations] CAPPING events from decorations provider vscode.git 9281
2025-03-17 15:43:01.374 [warning] [Decorations] CAPPING events from decorations provider vscode.git 9281
2025-03-17 15:43:06.694 [warning] [Decorations] CAPPING events from decorations provider vscode.git 9281
2025-03-17 15:43:11.995 [warning] [Decorations] CAPPING events from decorations provider vscode.git 9281
2025-03-17 15:43:17.200 [warning] [Decorations] CAPPING events from decorations provider vscode.git 9281
2025-03-17 15:43:22.411 [warning] [Decorations] CAPPING events from decorations provider vscode.git 9281
2025-03-17 15:43:27.682 [warning] [Decorations] CAPPING events from decorations provider vscode.git 9281
2025-03-17 15:43:32.905 [warning] [Decorations] CAPPING events from decorations provider vscode.git 9281
2025-03-17 15:43:38.143 [warning] [Decorations] CAPPING events from decorations provider vscode.git 9281
2025-03-17 15:43:43.414 [warning] [Decorations] CAPPING events from decorations provider vscode.git 9281
2025-03-17 15:43:48.889 [warning] [Decorations] CAPPING events from decorations provider vscode.git 9281
2025-03-17 15:43:54.010 [warning] [Decorations] CAPPING events from decorations provider vscode.git 9281
2025-03-17 15:43:59.295 [warning] [Decorations] CAPPING events from decorations provider vscode.git 9281
2025-03-17 15:44:04.443 [warning] [Decorations] CAPPING events from decorations provider vscode.git 9281
2025-03-17 15:44:09.583 [warning] [Decorations] CAPPING events from decorations provider vscode.git 9281
2025-03-17 15:44:14.740 [warning] [Decorations] CAPPING events from decorations provider vscode.git 9281
2025-03-17 15:44:19.930 [warning] [Decorations] CAPPING events from decorations provider vscode.git 9281
2025-03-17 15:44:25.274 [warning] [Decorations] CAPPING events from decorations provider vscode.git 9281
2025-03-17 15:44:30.573 [warning] [Decorations] CAPPING events from decorations provider vscode.git 9281
2025-03-17 15:44:35.838 [warning] [Decorations] CAPPING events from decorations provider vscode.git 9281
2025-03-17 15:44:41.074 [warning] [Decorations] CAPPING events from decorations provider vscode.git 9281
2025-03-17 15:44:46.365 [warning] [Decorations] CAPPING events from decorations provider vscode.git 9281
2025-03-17 15:44:51.674 [warning] [Decorations] CAPPING events from decorations provider vscode.git 9281
2025-03-17 15:44:56.942 [warning] [Decorations] CAPPING events from decorations provider vscode.git 9281
2025-03-17 15:45:02.237 [warning] [Decorations] CAPPING events from decorations provider vscode.git 9281
2025-03-17 15:45:07.496 [warning] [Decorations] CAPPING events from decorations provider vscode.git 9281
2025-03-17 15:45:12.786 [warning] [Decorations] CAPPING events from decorations provider vscode.git 9281
2025-03-17 15:45:18.040 [warning] [Decorations] CAPPING events from decorations provider vscode.git 9281
2025-03-17 15:45:23.347 [warning] [Decorations] CAPPING events from decorations provider vscode.git 9281
2025-03-17 15:45:28.716 [warning] [Decorations] CAPPING events from decorations provider vscode.git 9281
2025-03-17 15:45:34.011 [warning] [Decorations] CAPPING events from decorations provider vscode.git 9281
2025-03-17 15:45:39.288 [warning] [Decorations] CAPPING events from decorations provider vscode.git 9281
2025-03-17 15:45:44.565 [warning] [Decorations] CAPPING events from decorations provider vscode.git 9281
2025-03-17 15:45:49.790 [warning] [Decorations] CAPPING events from decorations provider vscode.git 9281
2025-03-17 15:45:55.053 [warning] [Decorations] CAPPING events from decorations provider vscode.git 9281
2025-03-17 15:46:00.391 [warning] [Decorations] CAPPING events from decorations provider vscode.git 9281
2025-03-17 15:46:05.718 [warning] [Decorations] CAPPING events from decorations provider vscode.git 9281
2025-03-17 15:46:11.108 [warning] [Decorations] CAPPING events from decorations provider vscode.git 9281
2025-03-17 15:46:16.262 [warning] [Decorations] CAPPING events from decorations provider vscode.git 9281
2025-03-17 15:46:21.386 [warning] [Decorations] CAPPING events from decorations provider vscode.git 9281
2025-03-17 15:46:26.520 [warning] [Decorations] CAPPING events from decorations provider vscode.git 9281
2025-03-17 15:46:31.628 [warning] [Decorations] CAPPING events from decorations provider vscode.git 9281
2025-03-17 15:46:36.746 [warning] [Decorations] CAPPING events from decorations provider vscode.git 9281
2025-03-17 15:46:41.921 [warning] [Decorations] CAPPING events from decorations provider vscode.git 9281
2025-03-17 15:46:47.084 [warning] [Decorations] CAPPING events from decorations provider vscode.git 9281
2025-03-17 15:46:52.262 [warning] [Decorations] CAPPING events from decorations provider vscode.git 9281
2025-03-17 15:46:57.401 [warning] [Decorations] CAPPING events from decorations provider vscode.git 9281
2025-03-17 15:47:02.511 [warning] [Decorations] CAPPING events from decorations provider vscode.git 9281
2025-03-17 15:47:07.917 [warning] [Decorations] CAPPING events from decorations provider vscode.git 9281
2025-03-17 15:47:13.056 [warning] [Decorations] CAPPING events from decorations provider vscode.git 9281
2025-03-17 15:47:18.258 [warning] [Decorations] CAPPING events from decorations provider vscode.git 9281
2025-03-17 15:47:23.460 [warning] [Decorations] CAPPING events from decorations provider vscode.git 9281
2025-03-17 15:47:28.588 [warning] [Decorations] CAPPING events from decorations provider vscode.git 9281
2025-03-17 15:47:33.738 [warning] [Decorations] CAPPING events from decorations provider vscode.git 9281
2025-03-17 15:47:38.859 [warning] [Decorations] CAPPING events from decorations provider vscode.git 9281
2025-03-17 15:47:43.981 [warning] [Decorations] CAPPING events from decorations provider vscode.git 9281
2025-03-17 15:47:49.112 [warning] [Decorations] CAPPING events from decorations provider vscode.git 9281
2025-03-17 15:47:54.336 [warning] [Decorations] CAPPING events from decorations provider vscode.git 9281
2025-03-17 15:47:59.498 [warning] [Decorations] CAPPING events from decorations provider vscode.git 9281
2025-03-17 15:48:04.619 [warning] [Decorations] CAPPING events from decorations provider vscode.git 9281
2025-03-17 15:48:09.960 [warning] [Decorations] CAPPING events from decorations provider vscode.git 9281
2025-03-17 15:48:15.078 [warning] [Decorations] CAPPING events from decorations provider vscode.git 9281
2025-03-17 15:48:20.202 [warning] [Decorations] CAPPING events from decorations provider vscode.git 9281
2025-03-17 15:48:25.333 [warning] [Decorations] CAPPING events from decorations provider vscode.git 9281
2025-03-17 15:48:30.468 [warning] [Decorations] CAPPING events from decorations provider vscode.git 9281
2025-03-17 15:48:35.587 [warning] [Decorations] CAPPING events from decorations provider vscode.git 9281
2025-03-17 15:48:40.700 [warning] [Decorations] CAPPING events from decorations provider vscode.git 9281
2025-03-17 15:48:45.806 [warning] [Decorations] CAPPING events from decorations provider vscode.git 9281
2025-03-17 15:49:00.741 [warning] [Decorations] CAPPING events from decorations provider vscode.git 9281
2025-03-17 15:49:06.050 [warning] [Decorations] CAPPING events from decorations provider vscode.git 9281
2025-03-17 15:50:53.805 [warning] [Decorations] CAPPING events from decorations provider vscode.git 9281
2025-03-17 15:50:58.979 [warning] [Decorations] CAPPING events from decorations provider vscode.git 9282
2025-03-17 15:51:04.324 [warning] [Decorations] CAPPING events from decorations provider vscode.git 9282
2025-03-17 15:51:09.487 [warning] [Decorations] CAPPING events from decorations provider vscode.git 9282
2025-03-17 15:51:14.798 [warning] [Decorations] CAPPING events from decorations provider vscode.git 9282
2025-03-17 15:51:19.928 [warning] [Decorations] CAPPING events from decorations provider vscode.git 9283
2025-03-17 15:51:25.068 [warning] [Decorations] CAPPING events from decorations provider vscode.git 9283
2025-03-17 15:51:30.180 [warning] [Decorations] CAPPING events from decorations provider vscode.git 9283
2025-03-17 15:51:35.293 [warning] [Decorations] CAPPING events from decorations provider vscode.git 9283
2025-03-17 15:51:40.407 [warning] [Decorations] CAPPING events from decorations provider vscode.git 9283
2025-03-17 15:51:45.520 [warning] [Decorations] CAPPING events from decorations provider vscode.git 9283
2025-03-17 15:51:50.631 [warning] [Decorations] CAPPING events from decorations provider vscode.git 9283
2025-03-17 15:51:55.818 [warning] [Decorations] CAPPING events from decorations provider vscode.git 9283
2025-03-17 15:52:01.080 [warning] [Decorations] CAPPING events from decorations provider vscode.git 9283
2025-03-17 15:52:06.287 [warning] [Decorations] CAPPING events from decorations provider vscode.git 9283
2025-03-17 15:52:42.871 [warning] [Decorations] CAPPING events from decorations provider vscode.git 9283
2025-03-17 15:52:48.017 [warning] [Decorations] CAPPING events from decorations provider vscode.git 9283
2025-03-17 15:52:53.167 [warning] [Decorations] CAPPING events from decorations provider vscode.git 9283
2025-03-17 15:52:58.278 [warning] [Decorations] CAPPING events from decorations provider vscode.git 9283
2025-03-17 15:53:03.496 [warning] [Decorations] CAPPING events from decorations provider vscode.git 9284
2025-03-17 15:53:08.654 [warning] [Decorations] CAPPING events from decorations provider vscode.git 9285
2025-03-17 15:53:13.781 [warning] [Decorations] CAPPING events from decorations provider vscode.git 9285
2025-03-17 15:53:18.909 [warning] [Decorations] CAPPING events from decorations provider vscode.git 9285
2025-03-17 15:53:24.036 [warning] [Decorations] CAPPING events from decorations provider vscode.git 9285
2025-03-17 15:53:29.157 [warning] [Decorations] CAPPING events from decorations provider vscode.git 9285
2025-03-17 15:53:34.263 [warning] [Decorations] CAPPING events from decorations provider vscode.git 9285
2025-03-17 15:53:39.373 [warning] [Decorations] CAPPING events from decorations provider vscode.git 9285
2025-03-17 15:53:44.489 [warning] [Decorations] CAPPING events from decorations provider vscode.git 9285
2025-03-17 15:53:49.616 [warning] [Decorations] CAPPING events from decorations provider vscode.git 9285
2025-03-17 15:53:54.812 [warning] [Decorations] CAPPING events from decorations provider vscode.git 9285
2025-03-17 15:53:59.928 [warning] [Decorations] CAPPING events from decorations provider vscode.git 9285
2025-03-17 15:54:05.054 [warning] [Decorations] CAPPING events from decorations provider vscode.git 9285
2025-03-17 15:54:10.182 [warning] [Decorations] CAPPING events from decorations provider vscode.git 9285
2025-03-17 15:54:15.417 [warning] [Decorations] CAPPING events from decorations provider vscode.git 9285
2025-03-17 15:54:20.923 [warning] [Decorations] CAPPING events from decorations provider vscode.git 9285
2025-03-17 15:54:26.082 [warning] [Decorations] CAPPING events from decorations provider vscode.git 9285
2025-03-17 15:54:31.433 [warning] [Decorations] CAPPING events from decorations provider vscode.git 9286
2025-03-17 15:54:36.572 [warning] [Decorations] CAPPING events from decorations provider vscode.git 9286
2025-03-17 15:54:41.693 [warning] [Decorations] CAPPING events from decorations provider vscode.git 9286
2025-03-17 15:54:46.809 [warning] [Decorations] CAPPING events from decorations provider vscode.git 9286
2025-03-17 15:54:51.934 [warning] [Decorations] CAPPING events from decorations provider vscode.git 9286
2025-03-17 15:54:57.254 [warning] [Decorations] CAPPING events from decorations provider vscode.git 9286
2025-03-17 15:55:02.378 [warning] [Decorations] CAPPING events from decorations provider vscode.git 9286
2025-03-17 15:55:07.496 [warning] [Decorations] CAPPING events from decorations provider vscode.git 9286
2025-03-17 15:55:12.700 [warning] [Decorations] CAPPING events from decorations provider vscode.git 9286
2025-03-17 15:55:17.823 [warning] [Decorations] CAPPING events from decorations provider vscode.git 9286
2025-03-17 15:55:22.958 [warning] [Decorations] CAPPING events from decorations provider vscode.git 9286
2025-03-17 15:55:28.271 [warning] [Decorations] CAPPING events from decorations provider vscode.git 9286
2025-03-17 15:55:33.416 [warning] [Decorations] CAPPING events from decorations provider vscode.git 9286
2025-03-17 15:55:38.527 [warning] [Decorations] CAPPING events from decorations provider vscode.git 9286
2025-03-17 15:55:43.833 [warning] [Decorations] CAPPING events from decorations provider vscode.git 9286
2025-03-17 15:55:49.132 [warning] [Decorations] CAPPING events from decorations provider vscode.git 9286
2025-03-17 15:55:54.233 [warning] [Decorations] CAPPING events from decorations provider vscode.git 9286
2025-03-17 15:55:59.342 [warning] [Decorations] CAPPING events from decorations provider vscode.git 9286
2025-03-17 15:56:04.490 [warning] [Decorations] CAPPING events from decorations provider vscode.git 9286
2025-03-17 15:56:09.690 [warning] [Decorations] CAPPING events from decorations provider vscode.git 9286
2025-03-17 15:56:14.848 [warning] [Decorations] CAPPING events from decorations provider vscode.git 9286
2025-03-17 15:56:20.013 [warning] [Decorations] CAPPING events from decorations provider vscode.git 9286
2025-03-17 15:56:25.156 [warning] [Decorations] CAPPING events from decorations provider vscode.git 9287
2025-03-17 15:56:30.286 [warning] [Decorations] CAPPING events from decorations provider vscode.git 9287
2025-03-17 15:56:33.862 [info] Extension host terminating: renderer closed the MessagePort
2025-03-17 15:56:33.962 [error] Canceled: Canceled
	at new XR (file:///usr/share/code/resources/app/out/vs/workbench/api/node/extensionHostProcess.js:29:110406)
	at Uy.U (file:///usr/share/code/resources/app/out/vs/workbench/api/node/extensionHostProcess.js:29:115016)
	at s.<computed>.n.charCodeAt.s.<computed> (file:///usr/share/code/resources/app/out/vs/workbench/api/node/extensionHostProcess.js:29:112510)
	at mw.g (file:///usr/share/code/resources/app/out/vs/workbench/api/node/extensionHostProcess.js:112:32221)
	at mw.executeCommand (file:///usr/share/code/resources/app/out/vs/workbench/api/node/extensionHostProcess.js:112:31725)
	at r.registerCommand.description (file:///usr/share/code/resources/app/out/vs/workbench/api/node/extensionHostProcess.js:112:31055)
	at mw.h (file:///usr/share/code/resources/app/out/vs/workbench/api/node/extensionHostProcess.js:112:32741)
	at mw.g (file:///usr/share/code/resources/app/out/vs/workbench/api/node/extensionHostProcess.js:112:31818)
	at mw.executeCommand (file:///usr/share/code/resources/app/out/vs/workbench/api/node/extensionHostProcess.js:112:31725)
	at Object.executeCommand (file:///usr/share/code/resources/app/out/vs/workbench/api/node/extensionHostProcess.js:172:37254)
	at Ah.L [as value] (/usr/share/code/resources/app/extensions/git/dist/main.js:2:997602)
	at D.B (file:///usr/share/code/resources/app/out/vs/workbench/api/node/extensionHostProcess.js:27:2373)
	at D.C (file:///usr/share/code/resources/app/out/vs/workbench/api/node/extensionHostProcess.js:27:2443)
	at D.fire (file:///usr/share/code/resources/app/out/vs/workbench/api/node/extensionHostProcess.js:27:2660)
	at Object.p [as dispose] (/usr/share/code/resources/app/extensions/git/dist/main.js:2:1020242)
	at /usr/share/code/resources/app/extensions/git/dist/main.js:2:1026621
	at Array.forEach (<anonymous>)
	at b.dispose (/usr/share/code/resources/app/extensions/git/dist/main.js:2:1026607)
	at cv.<anonymous> (file:///usr/share/code/resources/app/out/vs/workbench/api/node/extensionHostProcess.js:106:20084)
	at cv.dispose (file:///usr/share/code/resources/app/out/vs/workbench/api/node/extensionHostProcess.js:106:20180)
	at cv.<anonymous> (/usr/share/code/resources/app/extensions/git/dist/main.js:2:1000086)
	at cv.dispose (file:///usr/share/code/resources/app/out/vs/workbench/api/node/extensionHostProcess.js:106:20180)
	at ui (file:///usr/share/code/resources/app/out/vs/workbench/api/node/extensionHostProcess.js:25:699)
	at file:///usr/share/code/resources/app/out/vs/workbench/api/node/extensionHostProcess.js:116:14992
	at file:///usr/share/code/resources/app/out/vs/workbench/api/node/extensionHostProcess.js:25:1009
	at Object.dispose (file:///usr/share/code/resources/app/out/vs/workbench/api/node/extensionHostProcess.js:8:705)
	at PW.eb (file:///usr/share/code/resources/app/out/vs/workbench/api/node/extensionHostProcess.js:116:11919)
	at file:///usr/share/code/resources/app/out/vs/workbench/api/node/extensionHostProcess.js:116:9874
	at Array.map (<anonymous>)
	at PW.$ (file:///usr/share/code/resources/app/out/vs/workbench/api/node/extensionHostProcess.js:116:9862)
	at PW.terminate (file:///usr/share/code/resources/app/out/vs/workbench/api/node/extensionHostProcess.js:116:10105)
	at wC.terminate (file:///usr/share/code/resources/app/out/vs/workbench/api/node/extensionHostProcess.js:117:1434)
	at ts (file:///usr/share/code/resources/app/out/vs/workbench/api/node/extensionHostProcess.js:190:15080)
	at MessagePortMain.<anonymous> (file:///usr/share/code/resources/app/out/vs/workbench/api/node/extensionHostProcess.js:190:11628)
	at MessagePortMain.emit (node:events:518:28)
	at MessagePortMain._internalPort.emit (node:electron/js2c/utility_init:2:2949) setContext undefined
2025-03-17 15:56:33.962 [error] Canceled: Canceled
	at new XR (file:///usr/share/code/resources/app/out/vs/workbench/api/node/extensionHostProcess.js:29:110406)
	at Uy.U (file:///usr/share/code/resources/app/out/vs/workbench/api/node/extensionHostProcess.js:29:115016)
	at s.<computed>.n.charCodeAt.s.<computed> (file:///usr/share/code/resources/app/out/vs/workbench/api/node/extensionHostProcess.js:29:112510)
	at mw.g (file:///usr/share/code/resources/app/out/vs/workbench/api/node/extensionHostProcess.js:112:32221)
	at mw.executeCommand (file:///usr/share/code/resources/app/out/vs/workbench/api/node/extensionHostProcess.js:112:31725)
	at r.registerCommand.description (file:///usr/share/code/resources/app/out/vs/workbench/api/node/extensionHostProcess.js:112:31055)
	at mw.h (file:///usr/share/code/resources/app/out/vs/workbench/api/node/extensionHostProcess.js:112:32741)
	at mw.g (file:///usr/share/code/resources/app/out/vs/workbench/api/node/extensionHostProcess.js:112:31818)
	at mw.executeCommand (file:///usr/share/code/resources/app/out/vs/workbench/api/node/extensionHostProcess.js:112:31725)
	at Object.executeCommand (file:///usr/share/code/resources/app/out/vs/workbench/api/node/extensionHostProcess.js:172:37254)
	at set hasGitHubRepositories (/usr/share/code/resources/app/extensions/github/dist/extension.js:2:344164)
	at /usr/share/code/resources/app/extensions/github/dist/extension.js:2:345123
	at Ah.value (/usr/share/code/resources/app/extensions/git/dist/main.js:2:1117802)
	at D.B (file:///usr/share/code/resources/app/out/vs/workbench/api/node/extensionHostProcess.js:27:2373)
	at D.C (file:///usr/share/code/resources/app/out/vs/workbench/api/node/extensionHostProcess.js:27:2443)
	at D.fire (file:///usr/share/code/resources/app/out/vs/workbench/api/node/extensionHostProcess.js:27:2660)
	at Object.p [as dispose] (/usr/share/code/resources/app/extensions/git/dist/main.js:2:1020242)
	at /usr/share/code/resources/app/extensions/git/dist/main.js:2:1026621
	at Array.forEach (<anonymous>)
	at b.dispose (/usr/share/code/resources/app/extensions/git/dist/main.js:2:1026607)
	at cv.<anonymous> (file:///usr/share/code/resources/app/out/vs/workbench/api/node/extensionHostProcess.js:106:20084)
	at cv.dispose (file:///usr/share/code/resources/app/out/vs/workbench/api/node/extensionHostProcess.js:106:20180)
	at cv.<anonymous> (/usr/share/code/resources/app/extensions/git/dist/main.js:2:1000086)
	at cv.dispose (file:///usr/share/code/resources/app/out/vs/workbench/api/node/extensionHostProcess.js:106:20180)
	at ui (file:///usr/share/code/resources/app/out/vs/workbench/api/node/extensionHostProcess.js:25:699)
	at file:///usr/share/code/resources/app/out/vs/workbench/api/node/extensionHostProcess.js:116:14992
	at file:///usr/share/code/resources/app/out/vs/workbench/api/node/extensionHostProcess.js:25:1009
	at Object.dispose (file:///usr/share/code/resources/app/out/vs/workbench/api/node/extensionHostProcess.js:8:705)
	at PW.eb (file:///usr/share/code/resources/app/out/vs/workbench/api/node/extensionHostProcess.js:116:11919)
	at file:///usr/share/code/resources/app/out/vs/workbench/api/node/extensionHostProcess.js:116:9874
	at Array.map (<anonymous>)
	at PW.$ (file:///usr/share/code/resources/app/out/vs/workbench/api/node/extensionHostProcess.js:116:9862)
	at PW.terminate (file:///usr/share/code/resources/app/out/vs/workbench/api/node/extensionHostProcess.js:116:10105)
	at wC.terminate (file:///usr/share/code/resources/app/out/vs/workbench/api/node/extensionHostProcess.js:117:1434)
	at ts (file:///usr/share/code/resources/app/out/vs/workbench/api/node/extensionHostProcess.js:190:15080)
	at MessagePortMain.<anonymous> (file:///usr/share/code/resources/app/out/vs/workbench/api/node/extensionHostProcess.js:190:11628)
	at MessagePortMain.emit (node:events:518:28)
	at MessagePortMain._internalPort.emit (node:electron/js2c/utility_init:2:2949) setContext undefined
2025-03-17 15:56:33.962 [info] Extension host with pid 3288 exiting with code 0
